<?xml version="1.0" encoding="UTF-8"?>
<!-- Generated by org.testng.reporters.JUnitXMLReporter -->
<testsuite hostname="Vish-PC" ignored="0" name="Test" tests="5" failures="0" timestamp="19 Feb 2018 10:32:09 GMT" time="34.186" errors="0">
  <testcase name="method1" time="3.557" classname="Tests.TC5"/>
  <testcase name="method1" time="4.461" classname="Tests.TC2"/>
  <testcase name="method1" time="3.338" classname="Tests.TC1"/>
  <testcase name="method1" time="3.094" classname="Tests.TC3"/>
  <testcase name="method1" time="3.14" classname="Tests.TC4"/>
</testsuite> <!-- Test -->
